<?xml version="1.0" encoding="UTF-8"?>
<sect1 id="test-decoding" xreflabel="test_decoding">
 <title>test_decoding</title>

 <indexterm zone="test-decoding">
  <primary>test_decoding</primary>
 </indexterm>

 <para>
  <filename>test_decoding</filename> est un exemple de plugin de sortie pour le
  décodage logique.  Il ne fait rien de particulièrement utile, mais peut
  servir comme point de départ pour créer votre propre plugin de sortie.
 </para>

 <para>
  <filename>test_decoding</filename> reçoit les journaux de transaction à
  travers les mécanismes de décodage logique, et les décode sous forme de
  représentation au format texte des opérations effectuées.
 </para>

 <para>
  La sortie typique de ce plugin, utilisé sur l'interface de décodage logique
  SQL, serait&nbsp;:

  <programlisting>
postgres=# SELECT * FROM pg_logical_slot_get_changes('test_slot', NULL, NULL, 'include-xids', '0');
   lsn     | xid |                       data
-----------+-----+--------------------------------------------------
 0/16D30F8 | 691 | BEGIN
 0/16D32A0 | 691 | table public.data: INSERT: id[int4]:2 data[text]:'arg'
 0/16D32A0 | 691 | table public.data: INSERT: id[int4]:3 data[text]:'demo'
 0/16D32A0 | 691 | COMMIT
 0/16D32D8 | 692 | BEGIN
 0/16D3398 | 692 | table public.data: DELETE: id[int4]:2
 0/16D3398 | 692 | table public.data: DELETE: id[int4]:3
 0/16D3398 | 692 | COMMIT
(8 rows)
  </programlisting>
 </para>

</sect1>
